Traceback (most recent call last):
  File "/Users/jirlong/opt/anaconda3/lib/python3.9/site-packages/jupyter_cache/executors/utils.py", line 51, in single_nb_execution
    executenb(
  File "/Users/jirlong/opt/anaconda3/lib/python3.9/site-packages/nbclient/client.py", line 1204, in execute
    return NotebookClient(nb=nb, resources=resources, km=km, **kwargs).execute()
  File "/Users/jirlong/opt/anaconda3/lib/python3.9/site-packages/nbclient/util.py", line 84, in wrapped
    return just_run(coro(*args, **kwargs))
  File "/Users/jirlong/opt/anaconda3/lib/python3.9/site-packages/nbclient/util.py", line 62, in just_run
    return loop.run_until_complete(coro)
  File "/Users/jirlong/opt/anaconda3/lib/python3.9/asyncio/base_events.py", line 647, in run_until_complete
    return future.result()
  File "/Users/jirlong/opt/anaconda3/lib/python3.9/site-packages/nbclient/client.py", line 663, in async_execute
    await self.async_execute_cell(
  File "/Users/jirlong/opt/anaconda3/lib/python3.9/site-packages/nbclient/client.py", line 965, in async_execute_cell
    await self._check_raise_for_error(cell, cell_index, exec_reply)
  File "/Users/jirlong/opt/anaconda3/lib/python3.9/site-packages/nbclient/client.py", line 862, in _check_raise_for_error
    raise CellExecutionError.from_cell_and_msg(cell, exec_reply_content)
nbclient.exceptions.CellExecutionError: An error occurred while executing the following cell:
------------------
alist = [1, 2, 3, 4, 5, 6, 7, 8, 9, 10]

# YOUR CODE HERE


print(sum_a)
------------------

[0;31m---------------------------------------------------------------------------[0m
[0;31mNameError[0m                                 Traceback (most recent call last)
Input [0;32mIn [12][0m, in [0;36m<cell line: 6>[0;34m()[0m
[1;32m      1[0m alist [38;5;241m=[39m [[38;5;241m1[39m, [38;5;241m2[39m, [38;5;241m3[39m, [38;5;241m4[39m, [38;5;241m5[39m, [38;5;241m6[39m, [38;5;241m7[39m, [38;5;241m8[39m, [38;5;241m9[39m, [38;5;241m10[39m]
[1;32m      3[0m [38;5;66;03m# YOUR CODE HERE[39;00m
[0;32m----> 6[0m [38;5;28mprint[39m([43msum_a[49m)

[0;31mNameError[0m: name 'sum_a' is not defined
NameError: name 'sum_a' is not defined

