Traceback (most recent call last):
  File "/Users/jirlong/opt/anaconda3/lib/python3.9/site-packages/jupyter_cache/executors/utils.py", line 51, in single_nb_execution
    executenb(
  File "/Users/jirlong/opt/anaconda3/lib/python3.9/site-packages/nbclient/client.py", line 1204, in execute
    return NotebookClient(nb=nb, resources=resources, km=km, **kwargs).execute()
  File "/Users/jirlong/opt/anaconda3/lib/python3.9/site-packages/nbclient/util.py", line 84, in wrapped
    return just_run(coro(*args, **kwargs))
  File "/Users/jirlong/opt/anaconda3/lib/python3.9/site-packages/nbclient/util.py", line 62, in just_run
    return loop.run_until_complete(coro)
  File "/Users/jirlong/opt/anaconda3/lib/python3.9/asyncio/base_events.py", line 647, in run_until_complete
    return future.result()
  File "/Users/jirlong/opt/anaconda3/lib/python3.9/site-packages/nbclient/client.py", line 663, in async_execute
    await self.async_execute_cell(
  File "/Users/jirlong/opt/anaconda3/lib/python3.9/site-packages/nbclient/client.py", line 965, in async_execute_cell
    await self._check_raise_for_error(cell, cell_index, exec_reply)
  File "/Users/jirlong/opt/anaconda3/lib/python3.9/site-packages/nbclient/client.py", line 862, in _check_raise_for_error
    raise CellExecutionError.from_cell_and_msg(cell, exec_reply_content)
nbclient.exceptions.CellExecutionError: An error occurred while executing the following cell:
------------------
json_response = connect_to_endpoint(search_url, query_params)
print(json.dumps(json_response, indent=4, sort_keys=True))
------------------

[0;31m---------------------------------------------------------------------------[0m
[0;31mException[0m                                 Traceback (most recent call last)
Input [0;32mIn [5][0m, in [0;36m<cell line: 1>[0;34m()[0m
[0;32m----> 1[0m json_response [38;5;241m=[39m [43mconnect_to_endpoint[49m[43m([49m[43msearch_url[49m[43m,[49m[43m [49m[43mquery_params[49m[43m)[49m
[1;32m      2[0m [38;5;28mprint[39m(json[38;5;241m.[39mdumps(json_response, indent[38;5;241m=[39m[38;5;241m4[39m, sort_keys[38;5;241m=[39m[38;5;28;01mTrue[39;00m))

Input [0;32mIn [4][0m, in [0;36mconnect_to_endpoint[0;34m(url, params)[0m
[1;32m     23[0m [38;5;28mprint[39m(response[38;5;241m.[39mstatus_code)
[1;32m     24[0m [38;5;28;01mif[39;00m response[38;5;241m.[39mstatus_code [38;5;241m!=[39m [38;5;241m200[39m:
[0;32m---> 25[0m     [38;5;28;01mraise[39;00m [38;5;167;01mException[39;00m(response[38;5;241m.[39mstatus_code, response[38;5;241m.[39mtext)
[1;32m     26[0m [38;5;28;01mreturn[39;00m response[38;5;241m.[39mjson()

[0;31mException[0m: (401, '{\n  "title": "Unauthorized",\n  "type": "about:blank",\n  "status": 401,\n  "detail": "Unauthorized"\n}')
Exception: (401, '{\n  "title": "Unauthorized",\n  "type": "about:blank",\n  "status": 401,\n  "detail": "Unauthorized"\n}')

