Traceback (most recent call last):
  File "/Users/jirlong/opt/anaconda3/lib/python3.9/site-packages/jupyter_cache/executors/utils.py", line 51, in single_nb_execution
    executenb(
  File "/Users/jirlong/opt/anaconda3/lib/python3.9/site-packages/nbclient/client.py", line 1204, in execute
    return NotebookClient(nb=nb, resources=resources, km=km, **kwargs).execute()
  File "/Users/jirlong/opt/anaconda3/lib/python3.9/site-packages/nbclient/util.py", line 84, in wrapped
    return just_run(coro(*args, **kwargs))
  File "/Users/jirlong/opt/anaconda3/lib/python3.9/site-packages/nbclient/util.py", line 62, in just_run
    return loop.run_until_complete(coro)
  File "/Users/jirlong/opt/anaconda3/lib/python3.9/asyncio/base_events.py", line 647, in run_until_complete
    return future.result()
  File "/Users/jirlong/opt/anaconda3/lib/python3.9/site-packages/nbclient/client.py", line 663, in async_execute
    await self.async_execute_cell(
  File "/Users/jirlong/opt/anaconda3/lib/python3.9/site-packages/nbclient/client.py", line 965, in async_execute_cell
    await self._check_raise_for_error(cell, cell_index, exec_reply)
  File "/Users/jirlong/opt/anaconda3/lib/python3.9/site-packages/nbclient/client.py", line 862, in _check_raise_for_error
    raise CellExecutionError.from_cell_and_msg(cell, exec_reply_content)
nbclient.exceptions.CellExecutionError: An error occurred while executing the following cell:
------------------
# import nltk
# nltk.download('wordnet')
from nltk.stem import WordNetLemmatizer
wordnet_lemmatizer = WordNetLemmatizer()

def lemmatize(token):
    # ADJ (a), ADJ_SAT (s), ADV (r), NOUN (n) or VERB (v)
    for p in ['v', 'n', 'a', 'r', 's']:
        l = wordnet_lemmatizer.lemmatize(token, pos=p)
        if l != token:
            return l
    return token

print(lemmatize('Dogs'))
print(lemmatize('dogs'))
print(lemmatize('hits'))

------------------

[0;31m---------------------------------------------------------------------------[0m
[0;31mLookupError[0m                               Traceback (most recent call last)
File [0;32m~/opt/anaconda3/lib/python3.9/site-packages/nltk/corpus/util.py:84[0m, in [0;36mLazyCorpusLoader.__load[0;34m(self)[0m
[1;32m     83[0m [38;5;28;01mtry[39;00m:
[0;32m---> 84[0m     root [38;5;241m=[39m [43mnltk[49m[38;5;241;43m.[39;49m[43mdata[49m[38;5;241;43m.[39;49m[43mfind[49m[43m([49m[38;5;124;43mf[39;49m[38;5;124;43m"[39;49m[38;5;132;43;01m{[39;49;00m[38;5;28;43mself[39;49m[38;5;241;43m.[39;49m[43msubdir[49m[38;5;132;43;01m}[39;49;00m[38;5;124;43m/[39;49m[38;5;132;43;01m{[39;49;00m[43mzip_name[49m[38;5;132;43;01m}[39;49;00m[38;5;124;43m"[39;49m[43m)[49m
[1;32m     85[0m [38;5;28;01mexcept[39;00m [38;5;167;01mLookupError[39;00m:

File [0;32m~/opt/anaconda3/lib/python3.9/site-packages/nltk/data.py:583[0m, in [0;36mfind[0;34m(resource_name, paths)[0m
[1;32m    582[0m resource_not_found [38;5;241m=[39m [38;5;124mf[39m[38;5;124m"[39m[38;5;130;01m\n[39;00m[38;5;132;01m{[39;00msep[38;5;132;01m}[39;00m[38;5;130;01m\n[39;00m[38;5;132;01m{[39;00mmsg[38;5;132;01m}[39;00m[38;5;130;01m\n[39;00m[38;5;132;01m{[39;00msep[38;5;132;01m}[39;00m[38;5;130;01m\n[39;00m[38;5;124m"[39m
[0;32m--> 583[0m [38;5;28;01mraise[39;00m [38;5;167;01mLookupError[39;00m(resource_not_found)

[0;31mLookupError[0m: 
**********************************************************************
  Resource [93momw-1.4[0m not found.
  Please use the NLTK Downloader to obtain the resource:

  [31m>>> import nltk
  >>> nltk.download('omw-1.4')
  [0m
  For more information see: https://www.nltk.org/data.html

  Attempted to load [93mcorpora/omw-1.4.zip/omw-1.4/[0m

  Searched in:
    - '/Users/jirlong/nltk_data'
    - '/Users/jirlong/opt/anaconda3/nltk_data'
    - '/Users/jirlong/opt/anaconda3/share/nltk_data'
    - '/Users/jirlong/opt/anaconda3/lib/nltk_data'
    - '/usr/share/nltk_data'
    - '/usr/local/share/nltk_data'
    - '/usr/lib/nltk_data'
    - '/usr/local/lib/nltk_data'
**********************************************************************


During handling of the above exception, another exception occurred:

[0;31mLookupError[0m                               Traceback (most recent call last)
Input [0;32mIn [28][0m, in [0;36m<cell line: 14>[0;34m()[0m
[1;32m     11[0m             [38;5;28;01mreturn[39;00m l
[1;32m     12[0m     [38;5;28;01mreturn[39;00m token
[0;32m---> 14[0m [38;5;28mprint[39m([43mlemmatize[49m[43m([49m[38;5;124;43m'[39;49m[38;5;124;43mDogs[39;49m[38;5;124;43m'[39;49m[43m)[49m)
[1;32m     15[0m [38;5;28mprint[39m(lemmatize([38;5;124m'[39m[38;5;124mdogs[39m[38;5;124m'[39m))
[1;32m     16[0m [38;5;28mprint[39m(lemmatize([38;5;124m'[39m[38;5;124mhits[39m[38;5;124m'[39m))

Input [0;32mIn [28][0m, in [0;36mlemmatize[0;34m(token)[0m
[1;32m      6[0m [38;5;28;01mdef[39;00m [38;5;21mlemmatize[39m(token):
[1;32m      7[0m     [38;5;66;03m# ADJ (a), ADJ_SAT (s), ADV (r), NOUN (n) or VERB (v)[39;00m
[1;32m      8[0m     [38;5;28;01mfor[39;00m p [38;5;129;01min[39;00m [[38;5;124m'[39m[38;5;124mv[39m[38;5;124m'[39m, [38;5;124m'[39m[38;5;124mn[39m[38;5;124m'[39m, [38;5;124m'[39m[38;5;124ma[39m[38;5;124m'[39m, [38;5;124m'[39m[38;5;124mr[39m[38;5;124m'[39m, [38;5;124m'[39m[38;5;124ms[39m[38;5;124m'[39m]:
[0;32m----> 9[0m         l [38;5;241m=[39m [43mwordnet_lemmatizer[49m[38;5;241;43m.[39;49m[43mlemmatize[49m[43m([49m[43mtoken[49m[43m,[49m[43m [49m[43mpos[49m[38;5;241;43m=[39;49m[43mp[49m[43m)[49m
[1;32m     10[0m         [38;5;28;01mif[39;00m l [38;5;241m!=[39m token:
[1;32m     11[0m             [38;5;28;01mreturn[39;00m l

File [0;32m~/opt/anaconda3/lib/python3.9/site-packages/nltk/stem/wordnet.py:45[0m, in [0;36mWordNetLemmatizer.lemmatize[0;34m(self, word, pos)[0m
[1;32m     33[0m [38;5;28;01mdef[39;00m [38;5;21mlemmatize[39m([38;5;28mself[39m, word: [38;5;28mstr[39m, pos: [38;5;28mstr[39m [38;5;241m=[39m [38;5;124m"[39m[38;5;124mn[39m[38;5;124m"[39m) [38;5;241m-[39m[38;5;241m>[39m [38;5;28mstr[39m:
[1;32m     34[0m     [38;5;124;03m"""Lemmatize `word` using WordNet's built-in morphy function.[39;00m
[1;32m     35[0m [38;5;124;03m    Returns the input word unchanged if it cannot be found in WordNet.[39;00m
[1;32m     36[0m 
[0;32m   (...)[0m
[1;32m     43[0m [38;5;124;03m    :return: The lemma of `word`, for the given `pos`.[39;00m
[1;32m     44[0m [38;5;124;03m    """[39;00m
[0;32m---> 45[0m     lemmas [38;5;241m=[39m [43mwn[49m[38;5;241;43m.[39;49m[43m_morphy[49m(word, pos)
[1;32m     46[0m     [38;5;28;01mreturn[39;00m [38;5;28mmin[39m(lemmas, key[38;5;241m=[39m[38;5;28mlen[39m) [38;5;28;01mif[39;00m lemmas [38;5;28;01melse[39;00m word

File [0;32m~/opt/anaconda3/lib/python3.9/site-packages/nltk/corpus/util.py:121[0m, in [0;36mLazyCorpusLoader.__getattr__[0;34m(self, attr)[0m
[1;32m    118[0m [38;5;28;01mif[39;00m attr [38;5;241m==[39m [38;5;124m"[39m[38;5;124m__bases__[39m[38;5;124m"[39m:
[1;32m    119[0m     [38;5;28;01mraise[39;00m [38;5;167;01mAttributeError[39;00m([38;5;124m"[39m[38;5;124mLazyCorpusLoader object has no attribute [39m[38;5;124m'[39m[38;5;124m__bases__[39m[38;5;124m'[39m[38;5;124m"[39m)
[0;32m--> 121[0m [38;5;28;43mself[39;49m[38;5;241;43m.[39;49m[43m__load[49m[43m([49m[43m)[49m
[1;32m    122[0m [38;5;66;03m# This looks circular, but its not, since __load() changes our[39;00m
[1;32m    123[0m [38;5;66;03m# __class__ to something new:[39;00m
[1;32m    124[0m [38;5;28;01mreturn[39;00m [38;5;28mgetattr[39m([38;5;28mself[39m, attr)

File [0;32m~/opt/anaconda3/lib/python3.9/site-packages/nltk/corpus/util.py:89[0m, in [0;36mLazyCorpusLoader.__load[0;34m(self)[0m
[1;32m     86[0m             [38;5;28;01mraise[39;00m e
[1;32m     88[0m [38;5;66;03m# Load the corpus.[39;00m
[0;32m---> 89[0m corpus [38;5;241m=[39m [38;5;28;43mself[39;49m[38;5;241;43m.[39;49m[43m__reader_cls[49m[43m([49m[43mroot[49m[43m,[49m[43m [49m[38;5;241;43m*[39;49m[38;5;28;43mself[39;49m[38;5;241;43m.[39;49m[43m__args[49m[43m,[49m[43m [49m[38;5;241;43m*[39;49m[38;5;241;43m*[39;49m[38;5;28;43mself[39;49m[38;5;241;43m.[39;49m[43m__kwargs[49m[43m)[49m
[1;32m     91[0m [38;5;66;03m# This is where the magic happens!  Transform ourselves into[39;00m
[1;32m     92[0m [38;5;66;03m# the corpus by modifying our own __dict__ and __class__ to[39;00m
[1;32m     93[0m [38;5;66;03m# match that of the corpus.[39;00m
[1;32m     95[0m args, kwargs [38;5;241m=[39m [38;5;28mself[39m[38;5;241m.[39m__args, [38;5;28mself[39m[38;5;241m.[39m__kwargs

File [0;32m~/opt/anaconda3/lib/python3.9/site-packages/nltk/corpus/reader/wordnet.py:1176[0m, in [0;36mWordNetCorpusReader.__init__[0;34m(self, root, omw_reader)[0m
[1;32m   1172[0m     warnings[38;5;241m.[39mwarn(
[1;32m   1173[0m         [38;5;124m"[39m[38;5;124mThe multilingual functions are not available with this Wordnet version[39m[38;5;124m"[39m
[1;32m   1174[0m     )
[1;32m   1175[0m [38;5;28;01melse[39;00m:
[0;32m-> 1176[0m     [38;5;28mself[39m[38;5;241m.[39mprovenances [38;5;241m=[39m [38;5;28;43mself[39;49m[38;5;241;43m.[39;49m[43momw_prov[49m[43m([49m[43m)[49m
[1;32m   1178[0m [38;5;66;03m# A cache to store the wordnet data of multiple languages[39;00m
[1;32m   1179[0m [38;5;28mself[39m[38;5;241m.[39m_lang_data [38;5;241m=[39m defaultdict([38;5;28mlist[39m)

File [0;32m~/opt/anaconda3/lib/python3.9/site-packages/nltk/corpus/reader/wordnet.py:1285[0m, in [0;36mWordNetCorpusReader.omw_prov[0;34m(self)[0m
[1;32m   1283[0m provdict [38;5;241m=[39m {}
[1;32m   1284[0m provdict[[38;5;124m"[39m[38;5;124meng[39m[38;5;124m"[39m] [38;5;241m=[39m [38;5;124m"[39m[38;5;124m"[39m
[0;32m-> 1285[0m fileids [38;5;241m=[39m [38;5;28;43mself[39;49m[38;5;241;43m.[39;49m[43m_omw_reader[49m[38;5;241;43m.[39;49m[43mfileids[49m()
[1;32m   1286[0m [38;5;28;01mfor[39;00m fileid [38;5;129;01min[39;00m fileids:
[1;32m   1287[0m     prov, langfile [38;5;241m=[39m os[38;5;241m.[39mpath[38;5;241m.[39msplit(fileid)

File [0;32m~/opt/anaconda3/lib/python3.9/site-packages/nltk/corpus/util.py:121[0m, in [0;36mLazyCorpusLoader.__getattr__[0;34m(self, attr)[0m
[1;32m    118[0m [38;5;28;01mif[39;00m attr [38;5;241m==[39m [38;5;124m"[39m[38;5;124m__bases__[39m[38;5;124m"[39m:
[1;32m    119[0m     [38;5;28;01mraise[39;00m [38;5;167;01mAttributeError[39;00m([38;5;124m"[39m[38;5;124mLazyCorpusLoader object has no attribute [39m[38;5;124m'[39m[38;5;124m__bases__[39m[38;5;124m'[39m[38;5;124m"[39m)
[0;32m--> 121[0m [38;5;28;43mself[39;49m[38;5;241;43m.[39;49m[43m__load[49m[43m([49m[43m)[49m
[1;32m    122[0m [38;5;66;03m# This looks circular, but its not, since __load() changes our[39;00m
[1;32m    123[0m [38;5;66;03m# __class__ to something new:[39;00m
[1;32m    124[0m [38;5;28;01mreturn[39;00m [38;5;28mgetattr[39m([38;5;28mself[39m, attr)

File [0;32m~/opt/anaconda3/lib/python3.9/site-packages/nltk/corpus/util.py:86[0m, in [0;36mLazyCorpusLoader.__load[0;34m(self)[0m
[1;32m     84[0m             root [38;5;241m=[39m nltk[38;5;241m.[39mdata[38;5;241m.[39mfind([38;5;124mf[39m[38;5;124m"[39m[38;5;132;01m{[39;00m[38;5;28mself[39m[38;5;241m.[39msubdir[38;5;132;01m}[39;00m[38;5;124m/[39m[38;5;132;01m{[39;00mzip_name[38;5;132;01m}[39;00m[38;5;124m"[39m)
[1;32m     85[0m         [38;5;28;01mexcept[39;00m [38;5;167;01mLookupError[39;00m:
[0;32m---> 86[0m             [38;5;28;01mraise[39;00m e
[1;32m     88[0m [38;5;66;03m# Load the corpus.[39;00m
[1;32m     89[0m corpus [38;5;241m=[39m [38;5;28mself[39m[38;5;241m.[39m__reader_cls(root, [38;5;241m*[39m[38;5;28mself[39m[38;5;241m.[39m__args, [38;5;241m*[39m[38;5;241m*[39m[38;5;28mself[39m[38;5;241m.[39m__kwargs)

File [0;32m~/opt/anaconda3/lib/python3.9/site-packages/nltk/corpus/util.py:81[0m, in [0;36mLazyCorpusLoader.__load[0;34m(self)[0m
[1;32m     79[0m [38;5;28;01melse[39;00m:
[1;32m     80[0m     [38;5;28;01mtry[39;00m:
[0;32m---> 81[0m         root [38;5;241m=[39m [43mnltk[49m[38;5;241;43m.[39;49m[43mdata[49m[38;5;241;43m.[39;49m[43mfind[49m[43m([49m[38;5;124;43mf[39;49m[38;5;124;43m"[39;49m[38;5;132;43;01m{[39;49;00m[38;5;28;43mself[39;49m[38;5;241;43m.[39;49m[43msubdir[49m[38;5;132;43;01m}[39;49;00m[38;5;124;43m/[39;49m[38;5;132;43;01m{[39;49;00m[38;5;28;43mself[39;49m[38;5;241;43m.[39;49m[43m__name[49m[38;5;132;43;01m}[39;49;00m[38;5;124;43m"[39;49m[43m)[49m
[1;32m     82[0m     [38;5;28;01mexcept[39;00m [38;5;167;01mLookupError[39;00m [38;5;28;01mas[39;00m e:
[1;32m     83[0m         [38;5;28;01mtry[39;00m:

File [0;32m~/opt/anaconda3/lib/python3.9/site-packages/nltk/data.py:583[0m, in [0;36mfind[0;34m(resource_name, paths)[0m
[1;32m    581[0m sep [38;5;241m=[39m [38;5;124m"[39m[38;5;124m*[39m[38;5;124m"[39m [38;5;241m*[39m [38;5;241m70[39m
[1;32m    582[0m resource_not_found [38;5;241m=[39m [38;5;124mf[39m[38;5;124m"[39m[38;5;130;01m\n[39;00m[38;5;132;01m{[39;00msep[38;5;132;01m}[39;00m[38;5;130;01m\n[39;00m[38;5;132;01m{[39;00mmsg[38;5;132;01m}[39;00m[38;5;130;01m\n[39;00m[38;5;132;01m{[39;00msep[38;5;132;01m}[39;00m[38;5;130;01m\n[39;00m[38;5;124m"[39m
[0;32m--> 583[0m [38;5;28;01mraise[39;00m [38;5;167;01mLookupError[39;00m(resource_not_found)

[0;31mLookupError[0m: 
**********************************************************************
  Resource [93momw-1.4[0m not found.
  Please use the NLTK Downloader to obtain the resource:

  [31m>>> import nltk
  >>> nltk.download('omw-1.4')
  [0m
  For more information see: https://www.nltk.org/data.html

  Attempted to load [93mcorpora/omw-1.4[0m

  Searched in:
    - '/Users/jirlong/nltk_data'
    - '/Users/jirlong/opt/anaconda3/nltk_data'
    - '/Users/jirlong/opt/anaconda3/share/nltk_data'
    - '/Users/jirlong/opt/anaconda3/lib/nltk_data'
    - '/usr/share/nltk_data'
    - '/usr/local/share/nltk_data'
    - '/usr/lib/nltk_data'
    - '/usr/local/lib/nltk_data'
**********************************************************************

LookupError: 
**********************************************************************
  Resource [93momw-1.4[0m not found.
  Please use the NLTK Downloader to obtain the resource:

  [31m>>> import nltk
  >>> nltk.download('omw-1.4')
  [0m
  For more information see: https://www.nltk.org/data.html

  Attempted to load [93mcorpora/omw-1.4[0m

  Searched in:
    - '/Users/jirlong/nltk_data'
    - '/Users/jirlong/opt/anaconda3/nltk_data'
    - '/Users/jirlong/opt/anaconda3/share/nltk_data'
    - '/Users/jirlong/opt/anaconda3/lib/nltk_data'
    - '/usr/share/nltk_data'
    - '/usr/local/share/nltk_data'
    - '/usr/lib/nltk_data'
    - '/usr/local/lib/nltk_data'
**********************************************************************


