Traceback (most recent call last):
  File "/Users/jirlong/opt/anaconda3/lib/python3.9/site-packages/jupyter_cache/executors/utils.py", line 58, in single_nb_execution
    executenb(
  File "/Users/jirlong/opt/anaconda3/lib/python3.9/site-packages/nbclient/client.py", line 1204, in execute
    return NotebookClient(nb=nb, resources=resources, km=km, **kwargs).execute()
  File "/Users/jirlong/opt/anaconda3/lib/python3.9/site-packages/nbclient/util.py", line 84, in wrapped
    return just_run(coro(*args, **kwargs))
  File "/Users/jirlong/opt/anaconda3/lib/python3.9/site-packages/nbclient/util.py", line 62, in just_run
    return loop.run_until_complete(coro)
  File "/Users/jirlong/opt/anaconda3/lib/python3.9/asyncio/base_events.py", line 647, in run_until_complete
    return future.result()
  File "/Users/jirlong/opt/anaconda3/lib/python3.9/site-packages/nbclient/client.py", line 663, in async_execute
    await self.async_execute_cell(
  File "/Users/jirlong/opt/anaconda3/lib/python3.9/site-packages/nbclient/client.py", line 965, in async_execute_cell
    await self._check_raise_for_error(cell, cell_index, exec_reply)
  File "/Users/jirlong/opt/anaconda3/lib/python3.9/site-packages/nbclient/client.py", line 862, in _check_raise_for_error
    raise CellExecutionError.from_cell_and_msg(cell, exec_reply_content)
nbclient.exceptions.CellExecutionError: An error occurred while executing the following cell:
------------------
import json
post_list = []

# é–‹å•Ÿ JSONL æª”æ¡ˆï¼Œä¸€è¡Œä¸€è¡Œè®€å–ä¸¦è§£æ JSON
with open("../_build/html/data/2020-01-02.jsonl", "r", encoding="utf-8") as file:
    for line in file:
        try:
            # è§£æ JSON å­—å…¸ä¸¦åŠ å…¥åˆ°åˆ—è¡¨ä¸­
            post = json.loads(line)
            post_list.append(post)
        except json.JSONDecodeError as e:
            # è™•ç†è§£æéŒ¯èª¤
            print(f"è§£æ JSON æ™‚å‡ºéŒ¯: {str(e)}")
------------------

[0;31m---------------------------------------------------------------------------[0m
[0;31mFileNotFoundError[0m                         Traceback (most recent call last)
Input [0;32mIn [1][0m, in [0;36m<cell line: 5>[0;34m()[0m
[1;32m      2[0m post_list [38;5;241m=[39m []
[1;32m      4[0m [38;5;66;03m# é–‹å•Ÿ JSONL æª”æ¡ˆï¼Œä¸€è¡Œä¸€è¡Œè®€å–ä¸¦è§£æ JSON[39;00m
[0;32m----> 5[0m [38;5;28;01mwith[39;00m [38;5;28;43mopen[39;49m[43m([49m[38;5;124;43m"[39;49m[38;5;124;43m../_build/html/data/2020-01-02.jsonl[39;49m[38;5;124;43m"[39;49m[43m,[49m[43m [49m[38;5;124;43m"[39;49m[38;5;124;43mr[39;49m[38;5;124;43m"[39;49m[43m,[49m[43m [49m[43mencoding[49m[38;5;241;43m=[39;49m[38;5;124;43m"[39;49m[38;5;124;43mutf-8[39;49m[38;5;124;43m"[39;49m[43m)[49m [38;5;28;01mas[39;00m file:
[1;32m      6[0m     [38;5;28;01mfor[39;00m line [38;5;129;01min[39;00m file:
[1;32m      7[0m         [38;5;28;01mtry[39;00m:
[1;32m      8[0m             [38;5;66;03m# è§£æ JSON å­—å…¸ä¸¦åŠ å…¥åˆ°åˆ—è¡¨ä¸­[39;00m

[0;31mFileNotFoundError[0m: [Errno 2] No such file or directory: '../_build/html/data/2020-01-02.jsonl'
FileNotFoundError: [Errno 2] No such file or directory: '../_build/html/data/2020-01-02.jsonl'

