Traceback (most recent call last):
  File "/Users/jirlong/opt/anaconda3/lib/python3.9/site-packages/jupyter_cache/executors/utils.py", line 58, in single_nb_execution
    executenb(
  File "/Users/jirlong/opt/anaconda3/lib/python3.9/site-packages/nbclient/client.py", line 1204, in execute
    return NotebookClient(nb=nb, resources=resources, km=km, **kwargs).execute()
  File "/Users/jirlong/opt/anaconda3/lib/python3.9/site-packages/nbclient/util.py", line 84, in wrapped
    return just_run(coro(*args, **kwargs))
  File "/Users/jirlong/opt/anaconda3/lib/python3.9/site-packages/nbclient/util.py", line 62, in just_run
    return loop.run_until_complete(coro)
  File "/Users/jirlong/opt/anaconda3/lib/python3.9/asyncio/base_events.py", line 647, in run_until_complete
    return future.result()
  File "/Users/jirlong/opt/anaconda3/lib/python3.9/site-packages/nbclient/client.py", line 663, in async_execute
    await self.async_execute_cell(
  File "/Users/jirlong/opt/anaconda3/lib/python3.9/site-packages/nbclient/client.py", line 965, in async_execute_cell
    await self._check_raise_for_error(cell, cell_index, exec_reply)
  File "/Users/jirlong/opt/anaconda3/lib/python3.9/site-packages/nbclient/client.py", line 862, in _check_raise_for_error
    raise CellExecutionError.from_cell_and_msg(cell, exec_reply_content)
nbclient.exceptions.CellExecutionError: An error occurred while executing the following cell:
------------------
from gensim.test.utils import common_texts
from gensim.models.doc2vec import Doc2Vec, TaggedDocument

tagged_documents = [TaggedDocument(doc, [i]) for i, doc in enumerate(documents)]

model = Doc2Vec(tagged_documents, vector_size=100, 
                window=5, min_count=1, workers=4)
------------------

[0;31m---------------------------------------------------------------------------[0m
[0;31mImportError[0m                               Traceback (most recent call last)
Input [0;32mIn [5][0m, in [0;36m<cell line: 1>[0;34m()[0m
[0;32m----> 1[0m [38;5;28;01mfrom[39;00m [38;5;21;01mgensim[39;00m[38;5;21;01m.[39;00m[38;5;21;01mtest[39;00m[38;5;21;01m.[39;00m[38;5;21;01mutils[39;00m [38;5;28;01mimport[39;00m common_texts
[1;32m      2[0m [38;5;28;01mfrom[39;00m [38;5;21;01mgensim[39;00m[38;5;21;01m.[39;00m[38;5;21;01mmodels[39;00m[38;5;21;01m.[39;00m[38;5;21;01mdoc2vec[39;00m [38;5;28;01mimport[39;00m Doc2Vec, TaggedDocument
[1;32m      4[0m tagged_documents [38;5;241m=[39m [TaggedDocument(doc, [i]) [38;5;28;01mfor[39;00m i, doc [38;5;129;01min[39;00m [38;5;28menumerate[39m(documents)]

File [0;32m~/opt/anaconda3/lib/python3.9/site-packages/gensim/__init__.py:11[0m, in [0;36m<module>[0;34m[0m
[1;32m      7[0m __version__ [38;5;241m=[39m [38;5;124m'[39m[38;5;124m4.1.2[39m[38;5;124m'[39m
[1;32m      9[0m [38;5;28;01mimport[39;00m [38;5;21;01mlogging[39;00m
[0;32m---> 11[0m [38;5;28;01mfrom[39;00m [38;5;21;01mgensim[39;00m [38;5;28;01mimport[39;00m parsing, corpora, matutils, interfaces, models, similarities, utils  [38;5;66;03m# noqa:F401[39;00m
[1;32m     14[0m logger [38;5;241m=[39m logging[38;5;241m.[39mgetLogger([38;5;124m'[39m[38;5;124mgensim[39m[38;5;124m'[39m)
[1;32m     15[0m [38;5;28;01mif[39;00m [38;5;129;01mnot[39;00m logger[38;5;241m.[39mhandlers:  [38;5;66;03m# To ensure reload() doesn't add another one[39;00m

File [0;32m~/opt/anaconda3/lib/python3.9/site-packages/gensim/corpora/__init__.py:6[0m, in [0;36m<module>[0;34m[0m
[1;32m      1[0m [38;5;124;03m"""[39;00m
[1;32m      2[0m [38;5;124;03mThis package contains implementations of various streaming corpus I/O format.[39;00m
[1;32m      3[0m [38;5;124;03m"""[39;00m
[1;32m      5[0m [38;5;66;03m# bring corpus classes directly into package namespace, to save some typing[39;00m
[0;32m----> 6[0m [38;5;28;01mfrom[39;00m [38;5;21;01m.[39;00m[38;5;21;01mindexedcorpus[39;00m [38;5;28;01mimport[39;00m IndexedCorpus  [38;5;66;03m# noqa:F401 must appear before the other classes[39;00m
[1;32m      8[0m [38;5;28;01mfrom[39;00m [38;5;21;01m.[39;00m[38;5;21;01mmmcorpus[39;00m [38;5;28;01mimport[39;00m MmCorpus  [38;5;66;03m# noqa:F401[39;00m
[1;32m      9[0m [38;5;28;01mfrom[39;00m [38;5;21;01m.[39;00m[38;5;21;01mbleicorpus[39;00m [38;5;28;01mimport[39;00m BleiCorpus  [38;5;66;03m# noqa:F401[39;00m

File [0;32m~/opt/anaconda3/lib/python3.9/site-packages/gensim/corpora/indexedcorpus.py:14[0m, in [0;36m<module>[0;34m[0m
[1;32m     10[0m [38;5;28;01mimport[39;00m [38;5;21;01mlogging[39;00m
[1;32m     12[0m [38;5;28;01mimport[39;00m [38;5;21;01mnumpy[39;00m
[0;32m---> 14[0m [38;5;28;01mfrom[39;00m [38;5;21;01mgensim[39;00m [38;5;28;01mimport[39;00m interfaces, utils
[1;32m     16[0m logger [38;5;241m=[39m logging[38;5;241m.[39mgetLogger([38;5;18m__name__[39m)
[1;32m     19[0m [38;5;28;01mclass[39;00m [38;5;21;01mIndexedCorpus[39;00m(interfaces[38;5;241m.[39mCorpusABC):

File [0;32m~/opt/anaconda3/lib/python3.9/site-packages/gensim/interfaces.py:19[0m, in [0;36m<module>[0;34m[0m
[1;32m      7[0m [38;5;124;03m"""Basic interfaces used across the whole Gensim package.[39;00m
[1;32m      8[0m 
[1;32m      9[0m [38;5;124;03mThese interfaces are used for building corpora, model transformation and similarity queries.[39;00m
[0;32m   (...)[0m
[1;32m     14[0m 
[1;32m     15[0m [38;5;124;03m"""[39;00m
[1;32m     17[0m [38;5;28;01mimport[39;00m [38;5;21;01mlogging[39;00m
[0;32m---> 19[0m [38;5;28;01mfrom[39;00m [38;5;21;01mgensim[39;00m [38;5;28;01mimport[39;00m utils, matutils
[1;32m     22[0m logger [38;5;241m=[39m logging[38;5;241m.[39mgetLogger([38;5;18m__name__[39m)
[1;32m     25[0m [38;5;28;01mclass[39;00m [38;5;21;01mCorpusABC[39;00m(utils[38;5;241m.[39mSaveLoad):

File [0;32m~/opt/anaconda3/lib/python3.9/site-packages/gensim/matutils.py:22[0m, in [0;36m<module>[0;34m[0m
[1;32m     20[0m [38;5;28;01mimport[39;00m [38;5;21;01mscipy[39;00m[38;5;21;01m.[39;00m[38;5;21;01mlinalg[39;00m
[1;32m     21[0m [38;5;28;01mfrom[39;00m [38;5;21;01mscipy[39;00m[38;5;21;01m.[39;00m[38;5;21;01mlinalg[39;00m[38;5;21;01m.[39;00m[38;5;21;01mlapack[39;00m [38;5;28;01mimport[39;00m get_lapack_funcs
[0;32m---> 22[0m [38;5;28;01mfrom[39;00m [38;5;21;01mscipy[39;00m[38;5;21;01m.[39;00m[38;5;21;01mlinalg[39;00m[38;5;21;01m.[39;00m[38;5;21;01mspecial_matrices[39;00m [38;5;28;01mimport[39;00m triu
[1;32m     23[0m [38;5;28;01mfrom[39;00m [38;5;21;01mscipy[39;00m[38;5;21;01m.[39;00m[38;5;21;01mspecial[39;00m [38;5;28;01mimport[39;00m psi  [38;5;66;03m# gamma function utils[39;00m
[1;32m     26[0m logger [38;5;241m=[39m logging[38;5;241m.[39mgetLogger([38;5;18m__name__[39m)

[0;31mImportError[0m: cannot import name 'triu' from 'scipy.linalg.special_matrices' (/Users/jirlong/opt/anaconda3/lib/python3.9/site-packages/scipy/linalg/special_matrices.py)
ImportError: cannot import name 'triu' from 'scipy.linalg.special_matrices' (/Users/jirlong/opt/anaconda3/lib/python3.9/site-packages/scipy/linalg/special_matrices.py)

